WorldeRun/Library/Bee/Android/Prj/IL2CPP/Gradle/launcher/build/intermediates/manifest_merge_blame_file/release/manifest-merger-blame-release-report.txt
1<?xml version="1.0" encoding="utf-8"?>
2<manifest xmlns:android="http://schemas.android.com/apk/res/android"
3    package="com.PolyqueGames.WorldeRun"
4    android:installLocation="preferExternal"
5    android:versionCode="1"
6    android:versionName="0.01" >
7
8    <uses-sdk
9        android:minSdkVersion="22"
9-->src\main\AndroidManifest.xml
10        android:targetSdkVersion="30" />
10-->src\main\AndroidManifest.xml
11
12    <supports-screens
12-->src\main\AndroidManifest.xml:3:3-163
13        android:anyDensity="true"
13-->src\main\AndroidManifest.xml:3:135-160
14        android:largeScreens="true"
14-->src\main\AndroidManifest.xml:3:78-105
15        android:normalScreens="true"
15-->src\main\AndroidManifest.xml:3:49-77
16        android:smallScreens="true"
16-->src\main\AndroidManifest.xml:3:21-48
17        android:xlargeScreens="true" />
17-->src\main\AndroidManifest.xml:3:106-134
18
19    <uses-feature android:glEsVersion="0x00030000" />
19-->[:unityLibrary] AndroidManifest.xml:12:5-54
19-->[:unityLibrary] AndroidManifest.xml:12:19-51
20    <uses-feature
20-->[:unityLibrary] AndroidManifest.xml:13:5-15:36
21        android:name="android.hardware.vulkan.version"
21-->[:unityLibrary] AndroidManifest.xml:14:9-55
22        android:required="false" />
22-->[:unityLibrary] AndroidManifest.xml:15:9-33
23
24    <uses-permission android:name="android.permission.INTERNET" />
24-->[:unityLibrary] AndroidManifest.xml:17:5-67
24-->[:unityLibrary] AndroidManifest.xml:17:22-64
25    <uses-permission android:name="android.permission.VIBRATE" />
25-->[:unityLibrary] AndroidManifest.xml:18:5-66
25-->[:unityLibrary] AndroidManifest.xml:18:22-63
26
27    <uses-feature
27-->[:unityLibrary] AndroidManifest.xml:20:5-22:36
28        android:name="android.hardware.touchscreen"
28-->[:unityLibrary] AndroidManifest.xml:21:9-52
29        android:required="false" />
29-->[:unityLibrary] AndroidManifest.xml:22:9-33
30    <uses-feature
30-->[:unityLibrary] AndroidManifest.xml:23:5-25:36
31        android:name="android.hardware.touchscreen.multitouch"
31-->[:unityLibrary] AndroidManifest.xml:24:9-63
32        android:required="false" />
32-->[:unityLibrary] AndroidManifest.xml:25:9-33
33    <uses-feature
33-->[:unityLibrary] AndroidManifest.xml:26:5-28:36
34        android:name="android.hardware.touchscreen.multitouch.distinct"
34-->[:unityLibrary] AndroidManifest.xml:27:9-72
35        android:required="false" />
35-->[:unityLibrary] AndroidManifest.xml:28:9-33
36
37    <uses-permission android:name="android.permission.ACCESS_NETWORK_STATE" />
37-->[:com.google.android.gms.play-services-ads-lite-21.0.0:] AndroidManifest.xml:21:3-77
37-->[:com.google.android.gms.play-services-ads-lite-21.0.0:] AndroidManifest.xml:21:20-74
38    <uses-permission android:name="com.google.android.gms.permission.AD_ID" /> <!-- Android package visibility setting -->
38-->[:com.google.android.gms.play-services-ads-lite-21.0.0:] AndroidManifest.xml:22:3-77
38-->[:com.google.android.gms.play-services-ads-lite-21.0.0:] AndroidManifest.xml:22:20-74
39    <queries>
39-->[:com.google.android.gms.play-services-ads-lite-21.0.0:] AndroidManifest.xml:24:3-37:13
40
41        <!-- For browser content -->
42        <intent>
42-->[:com.google.android.gms.play-services-ads-lite-21.0.0:] AndroidManifest.xml:26:5-30:14
43            <action android:name="android.intent.action.VIEW" />
43-->[:com.google.android.gms.play-services-ads-lite-21.0.0:] AndroidManifest.xml:27:7-59
43-->[:com.google.android.gms.play-services-ads-lite-21.0.0:] AndroidManifest.xml:27:15-56
44
45            <category android:name="android.intent.category.BROWSABLE" />
45-->[:com.google.android.gms.play-services-ads-lite-21.0.0:] AndroidManifest.xml:28:7-68
45-->[:com.google.android.gms.play-services-ads-lite-21.0.0:] AndroidManifest.xml:28:17-65
46
47            <data android:scheme="https" />
47-->[:com.google.android.gms.play-services-ads-lite-21.0.0:] AndroidManifest.xml:29:7-38
47-->[:com.google.android.gms.play-services-ads-lite-21.0.0:] AndroidManifest.xml:29:13-35
48        </intent>
49        <!-- End of browser content -->
50        <!-- For CustomTabsService -->
51        <intent>
51-->[:com.google.android.gms.play-services-ads-lite-21.0.0:] AndroidManifest.xml:26:5-30:14
52            <action android:name="android.support.customtabs.action.CustomTabsService" />
53        </intent>
54        <!-- End of CustomTabsService -->
55    </queries>
56
57    <uses-permission android:name="android.permission.WAKE_LOCK" />
57-->[:com.google.android.gms.play-services-measurement-sdk-api-20.1.2:] AndroidManifest.xml:25:5-68
57-->[:com.google.android.gms.play-services-measurement-sdk-api-20.1.2:] AndroidManifest.xml:25:22-65
58    <uses-permission android:name="android.permission.RECEIVE_BOOT_COMPLETED" />
58-->[:androidx.work.work-runtime-2.7.0:] AndroidManifest.xml:21:3-79
58-->[:androidx.work.work-runtime-2.7.0:] AndroidManifest.xml:21:20-76
59    <uses-permission android:name="android.permission.FOREGROUND_SERVICE" />
59-->[:androidx.work.work-runtime-2.7.0:] AndroidManifest.xml:22:3-75
59-->[:androidx.work.work-runtime-2.7.0:] AndroidManifest.xml:22:20-72
60    <uses-permission android:name="com.android.vending.BILLING" />
60-->[:billing-3.0.3:] AndroidManifest.xml:10:5-67
60-->[:billing-3.0.3:] AndroidManifest.xml:10:22-64
61
62    <application
62-->src\main\AndroidManifest.xml:4:3-83
63        android:appComponentFactory="androidx.core.app.CoreComponentFactory"
63-->[:androidx.core.core-1.6.0:] AndroidManifest.xml:24:18-86
64        android:extractNativeLibs="true"
64-->[:unityLibrary] AndroidManifest.xml:30:18-50
65        android:icon="@mipmap/app_icon"
65-->src\main\AndroidManifest.xml:4:49-80
66        android:label="@string/app_name" >
66-->src\main\AndroidManifest.xml:4:16-48
67        <activity
67-->[:unityLibrary] AndroidManifest.xml:31:9-51:20
68            android:name="com.unity3d.player.UnityPlayerActivity"
68-->[:unityLibrary] AndroidManifest.xml:32:13-66
69            android:configChanges="mcc|mnc|locale|touchscreen|keyboard|keyboardHidden|navigation|orientation|screenLayout|uiMode|screenSize|smallestScreenSize|fontScale|layoutDirection|density"
69-->[:unityLibrary] AndroidManifest.xml:33:13-194
70            android:hardwareAccelerated="false"
70-->[:unityLibrary] AndroidManifest.xml:34:13-48
71            android:launchMode="singleTask"
71-->[:unityLibrary] AndroidManifest.xml:35:13-44
72            android:resizeableActivity="false"
72-->[:unityLibrary] AndroidManifest.xml:36:13-47
73            android:screenOrientation="sensorPortrait"
73-->[:unityLibrary] AndroidManifest.xml:37:13-55
74            android:theme="@style/UnityThemeSelector" >
74-->[:unityLibrary] AndroidManifest.xml:38:13-54
75            <intent-filter>
75-->[:unityLibrary] AndroidManifest.xml:39:13-43:29
76                <action android:name="android.intent.action.MAIN" />
76-->[:unityLibrary] AndroidManifest.xml:40:17-69
76-->[:unityLibrary] AndroidManifest.xml:40:25-66
77
78                <category android:name="android.intent.category.LAUNCHER" />
78-->[:unityLibrary] AndroidManifest.xml:42:17-77
78-->[:unityLibrary] AndroidManifest.xml:42:27-74
79            </intent-filter>
80
81            <meta-data
81-->[:unityLibrary] AndroidManifest.xml:45:13-47:40
82                android:name="unityplayer.UnityActivity"
82-->[:unityLibrary] AndroidManifest.xml:46:17-57
83                android:value="true" />
83-->[:unityLibrary] AndroidManifest.xml:47:17-37
84            <meta-data
84-->[:unityLibrary] AndroidManifest.xml:48:13-50:40
85                android:name="android.notch_support"
85-->[:unityLibrary] AndroidManifest.xml:49:17-53
86                android:value="true" />
86-->[:unityLibrary] AndroidManifest.xml:50:17-37
87        </activity>
88
89        <meta-data
89-->[:unityLibrary] AndroidManifest.xml:53:9-55:33
90            android:name="unity.splash-mode"
90-->[:unityLibrary] AndroidManifest.xml:54:13-45
91            android:value="0" />
91-->[:unityLibrary] AndroidManifest.xml:55:13-30
92        <meta-data
92-->[:unityLibrary] AndroidManifest.xml:56:9-58:36
93            android:name="unity.splash-enable"
93-->[:unityLibrary] AndroidManifest.xml:57:13-47
94            android:value="True" />
94-->[:unityLibrary] AndroidManifest.xml:58:13-33
95        <meta-data
95-->[:unityLibrary] AndroidManifest.xml:59:9-61:36
96            android:name="unity.launch-fullscreen"
96-->[:unityLibrary] AndroidManifest.xml:60:13-51
97            android:value="True" />
97-->[:unityLibrary] AndroidManifest.xml:61:13-33
98        <meta-data
98-->[:unityLibrary] AndroidManifest.xml:62:9-64:37
99            android:name="unity.allow-resizable-window"
99-->[:unityLibrary] AndroidManifest.xml:63:13-56
100            android:value="False" />
100-->[:unityLibrary] AndroidManifest.xml:64:13-34
101        <meta-data
101-->[:unityLibrary] AndroidManifest.xml:65:9-67:50
102            android:name="notch.config"
102-->[:unityLibrary] AndroidManifest.xml:66:13-40
103            android:value="portrait|landscape" /> <!-- Include the AdActivity and InAppPurchaseActivity configChanges and themes. -->
103-->[:unityLibrary] AndroidManifest.xml:67:13-47
104        <activity
104-->[:com.google.android.gms.play-services-ads-lite-21.0.0:] AndroidManifest.xml:40:5-254
105            android:name="com.google.android.gms.ads.AdActivity"
105-->[:com.google.android.gms.play-services-ads-lite-21.0.0:] AndroidManifest.xml:40:15-67
106            android:configChanges="keyboard|keyboardHidden|orientation|screenLayout|uiMode|screenSize|smallestScreenSize"
106-->[:com.google.android.gms.play-services-ads-lite-21.0.0:] AndroidManifest.xml:40:68-177
107            android:exported="false"
107-->[:com.google.android.gms.play-services-ads-lite-21.0.0:] AndroidManifest.xml:40:178-202
108            android:theme="@android:style/Theme.Translucent" />
108-->[:com.google.android.gms.play-services-ads-lite-21.0.0:] AndroidManifest.xml:40:203-251
109
110        <provider
110-->[:com.google.android.gms.play-services-ads-lite-21.0.0:] AndroidManifest.xml:41:5-201
111            android:name="com.google.android.gms.ads.MobileAdsInitProvider"
111-->[:com.google.android.gms.play-services-ads-lite-21.0.0:] AndroidManifest.xml:41:15-78
112            android:authorities="com.PolyqueGames.WorldeRun.mobileadsinitprovider"
112-->[:com.google.android.gms.play-services-ads-lite-21.0.0:] AndroidManifest.xml:41:79-149
113            android:exported="false"
113-->[:com.google.android.gms.play-services-ads-lite-21.0.0:] AndroidManifest.xml:41:150-174
114            android:initOrder="100" />
114-->[:com.google.android.gms.play-services-ads-lite-21.0.0:] AndroidManifest.xml:41:175-198
115
116        <service
116-->[:com.google.android.gms.play-services-ads-lite-21.0.0:] AndroidManifest.xml:42:5-116
117            android:name="com.google.android.gms.ads.AdService"
117-->[:com.google.android.gms.play-services-ads-lite-21.0.0:] AndroidManifest.xml:42:14-65
118            android:enabled="true"
118-->[:com.google.android.gms.play-services-ads-lite-21.0.0:] AndroidManifest.xml:42:66-88
119            android:exported="false" />
119-->[:com.google.android.gms.play-services-ads-lite-21.0.0:] AndroidManifest.xml:42:89-113
120
121        <provider
121-->[:androidx.startup.startup-runtime-1.0.0:] AndroidManifest.xml:20:5-182
122            android:name="androidx.startup.InitializationProvider"
122-->[:androidx.startup.startup-runtime-1.0.0:] AndroidManifest.xml:20:15-69
123            android:authorities="com.PolyqueGames.WorldeRun.androidx-startup"
123-->[:androidx.startup.startup-runtime-1.0.0:] AndroidManifest.xml:20:70-135
124            android:exported="false" >
124-->[:androidx.startup.startup-runtime-1.0.0:] AndroidManifest.xml:20:136-160
125            <meta-data
125-->[:androidx.work.work-runtime-2.7.0:] AndroidManifest.xml:25:7-105
126                android:name="androidx.work.WorkManagerInitializer"
126-->[:androidx.work.work-runtime-2.7.0:] AndroidManifest.xml:25:18-69
127                android:value="androidx.startup" />
127-->[:androidx.work.work-runtime-2.7.0:] AndroidManifest.xml:25:70-102
128        </provider>
129
130        <service
130-->[:androidx.room.room-runtime-2.2.5:] AndroidManifest.xml:25:9-28:40
131            android:name="androidx.room.MultiInstanceInvalidationService"
131-->[:androidx.room.room-runtime-2.2.5:] AndroidManifest.xml:26:13-74
132            android:directBootAware="true"
132-->[:androidx.room.room-runtime-2.2.5:] AndroidManifest.xml:27:13-43
133            android:exported="false" />
133-->[:androidx.room.room-runtime-2.2.5:] AndroidManifest.xml:28:13-37
134        <service
134-->[:androidx.work.work-runtime-2.7.0:] AndroidManifest.xml:27:5-229
135            android:name="androidx.work.impl.background.systemalarm.SystemAlarmService"
135-->[:androidx.work.work-runtime-2.7.0:] AndroidManifest.xml:27:14-89
136            android:directBootAware="false"
136-->[:androidx.work.work-runtime-2.7.0:] AndroidManifest.xml:27:90-121
137            android:enabled="@bool/enable_system_alarm_service_default"
137-->[:androidx.work.work-runtime-2.7.0:] AndroidManifest.xml:27:122-181
138            android:exported="false" />
138-->[:androidx.work.work-runtime-2.7.0:] AndroidManifest.xml:27:182-206
139        <service
139-->[:androidx.work.work-runtime-2.7.0:] AndroidManifest.xml:28:5-279
140            android:name="androidx.work.impl.background.systemjob.SystemJobService"
140-->[:androidx.work.work-runtime-2.7.0:] AndroidManifest.xml:28:14-85
141            android:directBootAware="false"
141-->[:androidx.work.work-runtime-2.7.0:] AndroidManifest.xml:28:86-117
142            android:enabled="@bool/enable_system_job_service_default"
142-->[:androidx.work.work-runtime-2.7.0:] AndroidManifest.xml:28:118-175
143            android:exported="true"
143-->[:androidx.work.work-runtime-2.7.0:] AndroidManifest.xml:28:176-199
144            android:permission="android.permission.BIND_JOB_SERVICE" />
144-->[:androidx.work.work-runtime-2.7.0:] AndroidManifest.xml:28:200-256
145        <service
145-->[:androidx.work.work-runtime-2.7.0:] AndroidManifest.xml:29:5-227
146            android:name="androidx.work.impl.foreground.SystemForegroundService"
146-->[:androidx.work.work-runtime-2.7.0:] AndroidManifest.xml:29:14-82
147            android:directBootAware="false"
147-->[:androidx.work.work-runtime-2.7.0:] AndroidManifest.xml:29:83-114
148            android:enabled="@bool/enable_system_foreground_service_default"
148-->[:androidx.work.work-runtime-2.7.0:] AndroidManifest.xml:29:115-179
149            android:exported="false" />
149-->[:androidx.work.work-runtime-2.7.0:] AndroidManifest.xml:29:180-204
150
151        <receiver
151-->[:androidx.work.work-runtime-2.7.0:] AndroidManifest.xml:30:5-193
152            android:name="androidx.work.impl.utils.ForceStopRunnable$BroadcastReceiver"
152-->[:androidx.work.work-runtime-2.7.0:] AndroidManifest.xml:30:15-90
153            android:directBootAware="false"
153-->[:androidx.work.work-runtime-2.7.0:] AndroidManifest.xml:30:91-122
154            android:enabled="true"
154-->[:androidx.work.work-runtime-2.7.0:] AndroidManifest.xml:30:123-145
155            android:exported="false" />
155-->[:androidx.work.work-runtime-2.7.0:] AndroidManifest.xml:30:146-170
156        <receiver
156-->[:androidx.work.work-runtime-2.7.0:] AndroidManifest.xml:31:5-36:16
157            android:name="androidx.work.impl.background.systemalarm.ConstraintProxy$BatteryChargingProxy"
157-->[:androidx.work.work-runtime-2.7.0:] AndroidManifest.xml:31:15-108
158            android:directBootAware="false"
158-->[:androidx.work.work-runtime-2.7.0:] AndroidManifest.xml:31:109-140
159            android:enabled="false"
159-->[:androidx.work.work-runtime-2.7.0:] AndroidManifest.xml:31:141-164
160            android:exported="false" >
160-->[:androidx.work.work-runtime-2.7.0:] AndroidManifest.xml:31:165-189
161            <intent-filter>
161-->[:androidx.work.work-runtime-2.7.0:] AndroidManifest.xml:32:7-35:23
162                <action android:name="android.intent.action.ACTION_POWER_CONNECTED" />
162-->[:androidx.work.work-runtime-2.7.0:] AndroidManifest.xml:33:9-79
162-->[:androidx.work.work-runtime-2.7.0:] AndroidManifest.xml:33:17-76
163                <action android:name="android.intent.action.ACTION_POWER_DISCONNECTED" />
163-->[:androidx.work.work-runtime-2.7.0:] AndroidManifest.xml:34:9-82
163-->[:androidx.work.work-runtime-2.7.0:] AndroidManifest.xml:34:17-79
164            </intent-filter>
165        </receiver>
166        <receiver
166-->[:androidx.work.work-runtime-2.7.0:] AndroidManifest.xml:37:5-42:16
167            android:name="androidx.work.impl.background.systemalarm.ConstraintProxy$BatteryNotLowProxy"
167-->[:androidx.work.work-runtime-2.7.0:] AndroidManifest.xml:37:15-106
168            android:directBootAware="false"
168-->[:androidx.work.work-runtime-2.7.0:] AndroidManifest.xml:37:107-138
169            android:enabled="false"
169-->[:androidx.work.work-runtime-2.7.0:] AndroidManifest.xml:37:139-162
170            android:exported="false" >
170-->[:androidx.work.work-runtime-2.7.0:] AndroidManifest.xml:37:163-187
171            <intent-filter>
171-->[:androidx.work.work-runtime-2.7.0:] AndroidManifest.xml:38:7-41:23
172                <action android:name="android.intent.action.BATTERY_OKAY" />
172-->[:androidx.work.work-runtime-2.7.0:] AndroidManifest.xml:39:9-69
172-->[:androidx.work.work-runtime-2.7.0:] AndroidManifest.xml:39:17-66
173                <action android:name="android.intent.action.BATTERY_LOW" />
173-->[:androidx.work.work-runtime-2.7.0:] AndroidManifest.xml:40:9-68
173-->[:androidx.work.work-runtime-2.7.0:] AndroidManifest.xml:40:17-65
174            </intent-filter>
175        </receiver>
176        <receiver
176-->[:androidx.work.work-runtime-2.7.0:] AndroidManifest.xml:43:5-48:16
177            android:name="androidx.work.impl.background.systemalarm.ConstraintProxy$StorageNotLowProxy"
177-->[:androidx.work.work-runtime-2.7.0:] AndroidManifest.xml:43:15-106
178            android:directBootAware="false"
178-->[:androidx.work.work-runtime-2.7.0:] AndroidManifest.xml:43:107-138
179            android:enabled="false"
179-->[:androidx.work.work-runtime-2.7.0:] AndroidManifest.xml:43:139-162
180            android:exported="false" >
180-->[:androidx.work.work-runtime-2.7.0:] AndroidManifest.xml:43:163-187
181            <intent-filter>
181-->[:androidx.work.work-runtime-2.7.0:] AndroidManifest.xml:44:7-47:23
182                <action android:name="android.intent.action.DEVICE_STORAGE_LOW" />
182-->[:androidx.work.work-runtime-2.7.0:] AndroidManifest.xml:45:9-75
182-->[:androidx.work.work-runtime-2.7.0:] AndroidManifest.xml:45:17-72
183                <action android:name="android.intent.action.DEVICE_STORAGE_OK" />
183-->[:androidx.work.work-runtime-2.7.0:] AndroidManifest.xml:46:9-74
183-->[:androidx.work.work-runtime-2.7.0:] AndroidManifest.xml:46:17-71
184            </intent-filter>
185        </receiver>
186        <receiver
186-->[:androidx.work.work-runtime-2.7.0:] AndroidManifest.xml:49:5-53:16
187            android:name="androidx.work.impl.background.systemalarm.ConstraintProxy$NetworkStateProxy"
187-->[:androidx.work.work-runtime-2.7.0:] AndroidManifest.xml:49:15-105
188            android:directBootAware="false"
188-->[:androidx.work.work-runtime-2.7.0:] AndroidManifest.xml:49:106-137
189            android:enabled="false"
189-->[:androidx.work.work-runtime-2.7.0:] AndroidManifest.xml:49:138-161
190            android:exported="false" >
190-->[:androidx.work.work-runtime-2.7.0:] AndroidManifest.xml:49:162-186
191            <intent-filter>
191-->[:androidx.work.work-runtime-2.7.0:] AndroidManifest.xml:50:7-52:23
192                <action android:name="android.net.conn.CONNECTIVITY_CHANGE" />
192-->[:androidx.work.work-runtime-2.7.0:] AndroidManifest.xml:51:9-71
192-->[:androidx.work.work-runtime-2.7.0:] AndroidManifest.xml:51:17-68
193            </intent-filter>
194        </receiver>
195        <receiver
195-->[:androidx.work.work-runtime-2.7.0:] AndroidManifest.xml:54:5-60:16
196            android:name="androidx.work.impl.background.systemalarm.RescheduleReceiver"
196-->[:androidx.work.work-runtime-2.7.0:] AndroidManifest.xml:54:15-90
197            android:directBootAware="false"
197-->[:androidx.work.work-runtime-2.7.0:] AndroidManifest.xml:54:91-122
198            android:enabled="false"
198-->[:androidx.work.work-runtime-2.7.0:] AndroidManifest.xml:54:123-146
199            android:exported="false" >
199-->[:androidx.work.work-runtime-2.7.0:] AndroidManifest.xml:54:147-171
200            <intent-filter>
200-->[:androidx.work.work-runtime-2.7.0:] AndroidManifest.xml:55:7-59:23
201                <action android:name="android.intent.action.BOOT_COMPLETED" />
201-->[:androidx.work.work-runtime-2.7.0:] AndroidManifest.xml:56:9-71
201-->[:androidx.work.work-runtime-2.7.0:] AndroidManifest.xml:56:17-68
202                <action android:name="android.intent.action.TIME_SET" />
202-->[:androidx.work.work-runtime-2.7.0:] AndroidManifest.xml:57:9-65
202-->[:androidx.work.work-runtime-2.7.0:] AndroidManifest.xml:57:17-62
203                <action android:name="android.intent.action.TIMEZONE_CHANGED" />
203-->[:androidx.work.work-runtime-2.7.0:] AndroidManifest.xml:58:9-73
203-->[:androidx.work.work-runtime-2.7.0:] AndroidManifest.xml:58:17-70
204            </intent-filter>
205        </receiver>
206        <receiver
206-->[:androidx.work.work-runtime-2.7.0:] AndroidManifest.xml:61:5-65:16
207            android:name="androidx.work.impl.background.systemalarm.ConstraintProxyUpdateReceiver"
207-->[:androidx.work.work-runtime-2.7.0:] AndroidManifest.xml:61:15-101
208            android:directBootAware="false"
208-->[:androidx.work.work-runtime-2.7.0:] AndroidManifest.xml:61:102-133
209            android:enabled="@bool/enable_system_alarm_service_default"
209-->[:androidx.work.work-runtime-2.7.0:] AndroidManifest.xml:61:134-193
210            android:exported="false" >
210-->[:androidx.work.work-runtime-2.7.0:] AndroidManifest.xml:61:194-218
211            <intent-filter>
211-->[:androidx.work.work-runtime-2.7.0:] AndroidManifest.xml:62:7-64:23
212                <action android:name="androidx.work.impl.background.systemalarm.UpdateProxies" />
212-->[:androidx.work.work-runtime-2.7.0:] AndroidManifest.xml:63:9-90
212-->[:androidx.work.work-runtime-2.7.0:] AndroidManifest.xml:63:17-87
213            </intent-filter>
214        </receiver>
215        <receiver
215-->[:androidx.work.work-runtime-2.7.0:] AndroidManifest.xml:66:5-70:16
216            android:name="androidx.work.impl.diagnostics.DiagnosticsReceiver"
216-->[:androidx.work.work-runtime-2.7.0:] AndroidManifest.xml:66:15-80
217            android:directBootAware="false"
217-->[:androidx.work.work-runtime-2.7.0:] AndroidManifest.xml:66:81-112
218            android:enabled="true"
218-->[:androidx.work.work-runtime-2.7.0:] AndroidManifest.xml:66:113-135
219            android:exported="true"
219-->[:androidx.work.work-runtime-2.7.0:] AndroidManifest.xml:66:136-159
220            android:permission="android.permission.DUMP" >
220-->[:androidx.work.work-runtime-2.7.0:] AndroidManifest.xml:66:160-204
221            <intent-filter>
221-->[:androidx.work.work-runtime-2.7.0:] AndroidManifest.xml:67:7-69:23
222                <action android:name="androidx.work.diagnostics.REQUEST_DIAGNOSTICS" />
222-->[:androidx.work.work-runtime-2.7.0:] AndroidManifest.xml:68:9-80
222-->[:androidx.work.work-runtime-2.7.0:] AndroidManifest.xml:68:17-77
223            </intent-filter>
224        </receiver>
225
226        <meta-data
226-->[:billing-3.0.3:] AndroidManifest.xml:13:9-15:37
227            android:name="com.google.android.play.billingclient.version"
227-->[:billing-3.0.3:] AndroidManifest.xml:14:13-73
228            android:value="3.0.3" />
228-->[:billing-3.0.3:] AndroidManifest.xml:15:13-34
229
230        <activity
230-->[:billing-3.0.3:] AndroidManifest.xml:17:9-21:75
231            android:name="com.android.billingclient.api.ProxyBillingActivity"
231-->[:billing-3.0.3:] AndroidManifest.xml:18:13-78
232            android:configChanges="keyboard|keyboardHidden|screenLayout|screenSize|orientation"
232-->[:billing-3.0.3:] AndroidManifest.xml:19:13-96
233            android:exported="false"
233-->[:billing-3.0.3:] AndroidManifest.xml:20:13-37
234            android:theme="@android:style/Theme.Translucent.NoTitleBar" />
234-->[:billing-3.0.3:] AndroidManifest.xml:21:13-72
235        <activity
235-->[:com.google.android.gms.play-services-base-18.0.0:] AndroidManifest.xml:20:9-22:45
236            android:name="com.google.android.gms.common.api.GoogleApiActivity"
236-->[:com.google.android.gms.play-services-base-18.0.0:] AndroidManifest.xml:20:19-85
237            android:exported="false"
237-->[:com.google.android.gms.play-services-base-18.0.0:] AndroidManifest.xml:22:19-43
238            android:theme="@android:style/Theme.Translucent.NoTitleBar" />
238-->[:com.google.android.gms.play-services-base-18.0.0:] AndroidManifest.xml:21:19-78
239
240        <meta-data
240-->[:com.google.android.gms.play-services-basement-18.0.0:] AndroidManifest.xml:21:9-23:69
241            android:name="com.google.android.gms.version"
241-->[:com.google.android.gms.play-services-basement-18.0.0:] AndroidManifest.xml:22:13-58
242            android:value="@integer/google_play_services_version" />
242-->[:com.google.android.gms.play-services-basement-18.0.0:] AndroidManifest.xml:23:13-66
243
244        <uses-library
244-->[:unityLibrary:GoogleMobileAdsPlugin.androidlib] AndroidManifest.xml:12:9-14:40
245            android:name="org.apache.http.legacy"
245-->[:unityLibrary:GoogleMobileAdsPlugin.androidlib] AndroidManifest.xml:13:13-50
246            android:required="false" />
246-->[:unityLibrary:GoogleMobileAdsPlugin.androidlib] AndroidManifest.xml:14:13-37
247
248        <meta-data
248-->[:unityLibrary:GoogleMobileAdsPlugin.androidlib] AndroidManifest.xml:16:9-18:70
249            android:name="com.google.android.gms.ads.APPLICATION_ID"
249-->[:unityLibrary:GoogleMobileAdsPlugin.androidlib] AndroidManifest.xml:17:13-69
250            android:value="ca-app-pub-1131363594533119~6500573327" />
250-->[:unityLibrary:GoogleMobileAdsPlugin.androidlib] AndroidManifest.xml:18:13-67
251    </application>
252
253</manifest>